<?xml version="1.0" encoding="UTF-8"?>
<testsuite xmlns:xsi="http://www.w3.org/2001/XMLSchema-instance" xsi:noNamespaceSchemaLocation="https://maven.apache.org/surefire/maven-surefire-plugin/xsd/surefire-test-report.xsd" name="com.example.Database.DataHelperTest" time="0.476" tests="6" errors="0" skipped="0" failures="0">
  <properties>
[...]
</properties>
  <testcase name="testConnection" classname="com.example.Database.DataHelperTest" time="0.443"/>
  <testcase name="testCreateTable" classname="com.example.Database.DataHelperTest" time="0.005"/>
  <testcase name="testQueryData" classname="com.example.Database.DataHelperTest" time="0.006"/>
  <testcase name="testUpdateData" classname="com.example.Database.DataHelperTest" time="0.007"/>
  <testcase name="testInsertData" classname="com.example.Database.DataHelperTest" time="0.004"/>
  <testcase name="testDeleteData" classname="com.example.Database.DataHelperTest" time="0.004"/>
</testsuite>